This file contains any messages produced by compilers while
running configure, to aid debugging if configure makes a mistake.

It was created by mfoc configure 0.10.7, which was
generated by GNU Autoconf 2.71.  Invocation command line was

  $ ./configure

## --------- ##
## Platform. ##
## --------- ##

hostname = DESKTOP-LHA3QTB
uname -m = x86_64
uname -r = 5.15.153.1-microsoft-standard-WSL2
uname -s = Linux
uname -v = #1 SMP Fri Mar 29 23:14:13 UTC 2024

/usr/bin/uname -p = x86_64
/bin/uname -X     = unknown

/bin/arch              = x86_64
/usr/bin/arch -k       = unknown
/usr/convex/getsysinfo = unknown
/usr/bin/hostinfo      = unknown
/bin/machine           = unknown
/usr/bin/oslevel       = unknown
/bin/universe          = unknown

PATH: /usr/local/sbin/
PATH: /usr/local/bin/
PATH: /usr/sbin/
PATH: /usr/bin/
PATH: /sbin/
PATH: /bin/
PATH: /usr/games/
PATH: /usr/local/games/
PATH: /usr/lib/wsl/lib/
PATH: /mnt/c/Program Files/WindowsApps/MicrosoftCorporationII.WindowsSubsystemForLinux_2.3.24.0_x64__8wekyb3d8bbwe/
PATH: /mnt/c/ffmpeg/bin/
PATH: /mnt/c/Program Files/Common Files/Oracle/Java/javapath/
PATH: /mnt/c/Program Files (x86)/Common Files/Oracle/Java/java8path/
PATH: /mnt/c/Program Files (x86)/Common Files/Oracle/Java/javapath/
PATH: /mnt/c/windows/system32/
PATH: /mnt/c/windows/
PATH: /mnt/c/windows/system32/wbem/
PATH: /mnt/c/windows/system32/windowspowershell/v1.0/
PATH: /mnt/c/windows/system32/openssh/
PATH: /mnt/c/program files/git/cmd/
PATH: /mnt/c/program files/dotnet/
PATH: /mnt/c/Program Files (x86)/NVIDIA Corporation/PhysX/Common/
PATH: /mnt/c/WINDOWS/system32/
PATH: /mnt/c/WINDOWS/
PATH: /mnt/c/WINDOWS/System32/Wbem/
PATH: /mnt/c/WINDOWS/System32/WindowsPowerShell/v1.0/
PATH: /mnt/c/WINDOWS/System32/OpenSSH/
PATH: /mnt/c/Program Files (x86)/Intel/Intel(R) Management Engine Components/DAL/
PATH: /mnt/c/Program Files/Intel/Intel(R) Management Engine Components/DAL/
PATH: /mnt/c/Users/grego/AppData/Local/Programs/Python/Python38/
PATH: /mnt/c/Program Files/usbipd-win/
PATH: /mnt/c/Users/grego/AppData/Local/Programs/Python/Python310/Scripts/
PATH: /mnt/c/Users/grego/AppData/Local/Programs/Python/Python310/
PATH: /mnt/c/Users/grego/AppData/Local/Programs/Microsoft VS Code/bin/
PATH: /mnt/c/Program Files/nodejs/
PATH: /mnt/c/Program Files/NVIDIA Corporation/NVIDIA app/NvDLISR/
PATH: /mnt/c/Users/grego/AppData/Local/Programs/Python/Python310/Scripts/
PATH: /mnt/c/Users/grego/AppData/Local/Programs/Python/Python310/
PATH: /mnt/c/Users/grego/AppData/Local/Programs/Python/Python38/
PATH: /mnt/c/Users/grego/AppData/Local/Programs/Microsoft VS Code/bin/
PATH: /mnt/c/Users/grego/AppData/Roaming/npm/
PATH: /mnt/c/Users/grego/AppData/Local/spicetify/
PATH: /snap/bin/


## ----------- ##
## Core tests. ##
## ----------- ##

configure:2469: looking for aux files: config.guess config.sub compile missing install-sh
configure:2482:  trying ./
configure:2511:   ./config.guess found
configure:2511:   ./config.sub found
configure:2511:   ./compile found
configure:2511:   ./missing found
configure:2493:   ./install-sh found
configure:2648: checking for a BSD-compatible install
configure:2721: result: /usr/bin/install -c
configure:2732: checking whether build environment is sane
configure:2787: result: yes
configure:2946: checking for a race-free mkdir -p
configure:2990: result: /usr/bin/mkdir -p
configure:2997: checking for gawk
configure:3018: found /usr/bin/gawk
configure:3029: result: gawk
configure:3040: checking whether make sets $(MAKE)
configure:3063: result: yes
configure:3093: checking whether make supports nested variables
configure:3111: result: yes
configure:3310: checking for gcc
configure:3331: found /usr/bin/gcc
configure:3342: result: gcc
configure:3695: checking for C compiler version
configure:3704: gcc --version >&5
gcc (Ubuntu 11.4.0-1ubuntu1~22.04) 11.4.0
Copyright (C) 2021 Free Software Foundation, Inc.
This is free software; see the source for copying conditions.  There is NO
warranty; not even for MERCHANTABILITY or FITNESS FOR A PARTICULAR PURPOSE.

configure:3715: $? = 0
configure:3704: gcc -v >&5
Using built-in specs.
COLLECT_GCC=gcc
COLLECT_LTO_WRAPPER=/usr/lib/gcc/x86_64-linux-gnu/11/lto-wrapper
OFFLOAD_TARGET_NAMES=nvptx-none:amdgcn-amdhsa
OFFLOAD_TARGET_DEFAULT=1
Target: x86_64-linux-gnu
Configured with: ../src/configure -v --with-pkgversion='Ubuntu 11.4.0-1ubuntu1~22.04' --with-bugurl=file:///usr/share/doc/gcc-11/README.Bugs --enable-languages=c,ada,c++,go,brig,d,fortran,objc,obj-c++,m2 --prefix=/usr --with-gcc-major-version-only --program-suffix=-11 --program-prefix=x86_64-linux-gnu- --enable-shared --enable-linker-build-id --libexecdir=/usr/lib --without-included-gettext --enable-threads=posix --libdir=/usr/lib --enable-nls --enable-bootstrap --enable-clocale=gnu --enable-libstdcxx-debug --enable-libstdcxx-time=yes --with-default-libstdcxx-abi=new --enable-gnu-unique-object --disable-vtable-verify --enable-plugin --enable-default-pie --with-system-zlib --enable-libphobos-checking=release --with-target-system-zlib=auto --enable-objc-gc=auto --enable-multiarch --disable-werror --enable-cet --with-arch-32=i686 --with-abi=m64 --with-multilib-list=m32,m64,mx32 --enable-multilib --with-tune=generic --enable-offload-targets=nvptx-none=/build/gcc-11-XeT9lY/gcc-11-11.4.0/debian/tmp-nvptx/usr,amdgcn-amdhsa=/build/gcc-11-XeT9lY/gcc-11-11.4.0/debian/tmp-gcn/usr --without-cuda-driver --enable-checking=release --build=x86_64-linux-gnu --host=x86_64-linux-gnu --target=x86_64-linux-gnu --with-build-config=bootstrap-lto-lean --enable-link-serialization=2
Thread model: posix
Supported LTO compression algorithms: zlib zstd
gcc version 11.4.0 (Ubuntu 11.4.0-1ubuntu1~22.04) 
... rest of stderr output deleted ...
configure:3715: $? = 0
configure:3704: gcc -V >&5
gcc: error: unrecognized command-line option '-V'
gcc: fatal error: no input files
compilation terminated.
configure:3715: $? = 1
configure:3704: gcc -qversion >&5
gcc: error: unrecognized command-line option '-qversion'; did you mean '--version'?
gcc: fatal error: no input files
compilation terminated.
configure:3715: $? = 1
configure:3704: gcc -version >&5
gcc: error: unrecognized command-line option '-version'
gcc: fatal error: no input files
compilation terminated.
configure:3715: $? = 1
configure:3735: checking whether the C compiler works
configure:3757: gcc    conftest.c  >&5
configure:3761: $? = 0
configure:3811: result: yes
configure:3814: checking for C compiler default output file name
configure:3816: result: a.out
configure:3822: checking for suffix of executables
configure:3829: gcc -o conftest    conftest.c  >&5
configure:3833: $? = 0
configure:3856: result: 
configure:3878: checking whether we are cross compiling
configure:3886: gcc -o conftest    conftest.c  >&5
configure:3890: $? = 0
configure:3897: ./conftest
configure:3901: $? = 0
configure:3916: result: no
configure:3921: checking for suffix of object files
configure:3944: gcc -c   conftest.c >&5
configure:3948: $? = 0
configure:3970: result: o
configure:3974: checking whether the compiler supports GNU C
configure:3994: gcc -c   conftest.c >&5
configure:3994: $? = 0
configure:4004: result: yes
configure:4015: checking whether gcc accepts -g
configure:4036: gcc -c -g  conftest.c >&5
configure:4036: $? = 0
configure:4080: result: yes
configure:4100: checking for gcc option to enable C11 features
configure:4115: gcc  -c -g -O2  conftest.c >&5
configure:4115: $? = 0
configure:4133: result: none needed
configure:4249: checking whether gcc understands -c and -o together
configure:4272: gcc -c conftest.c -o conftest2.o
configure:4275: $? = 0
configure:4272: gcc -c conftest.c -o conftest2.o
configure:4275: $? = 0
configure:4287: result: yes
configure:4307: checking whether make supports the include directive
configure:4322: make -f confmf.GNU && cat confinc.out
this is the am__doit target
configure:4325: $? = 0
configure:4344: result: yes (GNU style)
configure:4370: checking dependency style of gcc
configure:4482: result: gcc3
configure:4510: checking whether make supports nested variables
configure:4528: result: yes
configure:4601: checking for pkg-config
configure:4624: found /usr/bin/pkg-config
configure:4636: result: /usr/bin/pkg-config
configure:4661: checking pkg-config is at least version 0.9.0
configure:4664: result: yes
configure:4674: checking for libnfc >= 1.7.0
configure:4681: $PKG_CONFIG --exists --print-errors "libnfc >= $LIBNFC_REQUIRED_VERSION"
configure:4684: $? = 0
configure:4698: $PKG_CONFIG --exists --print-errors "libnfc >= $LIBNFC_REQUIRED_VERSION"
configure:4701: $? = 0
configure:4739: result: yes
configure:4748: checking for inline
configure:4765: gcc -c -g -O2  conftest.c >&5
configure:4765: $? = 0
configure:4774: result: inline
configure:4798: checking for stdio.h
configure:4798: gcc -c -g -O2  conftest.c >&5
configure:4798: $? = 0
configure:4798: result: yes
configure:4798: checking for stdlib.h
configure:4798: gcc -c -g -O2  conftest.c >&5
configure:4798: $? = 0
configure:4798: result: yes
configure:4798: checking for string.h
configure:4798: gcc -c -g -O2  conftest.c >&5
configure:4798: $? = 0
configure:4798: result: yes
configure:4798: checking for inttypes.h
configure:4798: gcc -c -g -O2  conftest.c >&5
configure:4798: $? = 0
configure:4798: result: yes
configure:4798: checking for stdint.h
configure:4798: gcc -c -g -O2  conftest.c >&5
configure:4798: $? = 0
configure:4798: result: yes
configure:4798: checking for strings.h
configure:4798: gcc -c -g -O2  conftest.c >&5
configure:4798: $? = 0
configure:4798: result: yes
configure:4798: checking for sys/stat.h
configure:4798: gcc -c -g -O2  conftest.c >&5
configure:4798: $? = 0
configure:4798: result: yes
configure:4798: checking for sys/types.h
configure:4798: gcc -c -g -O2  conftest.c >&5
configure:4798: $? = 0
configure:4798: result: yes
configure:4798: checking for unistd.h
configure:4798: gcc -c -g -O2  conftest.c >&5
configure:4798: $? = 0
configure:4798: result: yes
configure:4823: checking for _Bool
configure:4823: gcc -c -g -O2  conftest.c >&5
configure:4823: $? = 0
configure:4823: gcc -c -g -O2  conftest.c >&5
conftest.c: In function 'main':
conftest.c:52:20: error: expected expression before ')' token
   52 | if (sizeof ((_Bool)))
      |                    ^
configure:4823: $? = 1
configure: failed program was:
| /* confdefs.h */
| #define PACKAGE_NAME "mfoc"
| #define PACKAGE_TARNAME "mfoc"
| #define PACKAGE_VERSION "0.10.7"
| #define PACKAGE_STRING "mfoc 0.10.7"
| #define PACKAGE_BUGREPORT "mifare@nethemba.com"
| #define PACKAGE_URL ""
| #define PACKAGE "mfoc"
| #define VERSION "0.10.7"
| #define HAVE_STDIO_H 1
| #define HAVE_STDLIB_H 1
| #define HAVE_STRING_H 1
| #define HAVE_INTTYPES_H 1
| #define HAVE_STDINT_H 1
| #define HAVE_STRINGS_H 1
| #define HAVE_SYS_STAT_H 1
| #define HAVE_SYS_TYPES_H 1
| #define HAVE_UNISTD_H 1
| #define STDC_HEADERS 1
| /* end confdefs.h.  */
| #include <stddef.h>
| #ifdef HAVE_STDIO_H
| # include <stdio.h>
| #endif
| #ifdef HAVE_STDLIB_H
| # include <stdlib.h>
| #endif
| #ifdef HAVE_STRING_H
| # include <string.h>
| #endif
| #ifdef HAVE_INTTYPES_H
| # include <inttypes.h>
| #endif
| #ifdef HAVE_STDINT_H
| # include <stdint.h>
| #endif
| #ifdef HAVE_STRINGS_H
| # include <strings.h>
| #endif
| #ifdef HAVE_SYS_TYPES_H
| # include <sys/types.h>
| #endif
| #ifdef HAVE_SYS_STAT_H
| # include <sys/stat.h>
| #endif
| #ifdef HAVE_UNISTD_H
| # include <unistd.h>
| #endif
| int
| main (void)
| {
| if (sizeof ((_Bool)))
| 	    return 0;
|   ;
|   return 0;
| }
configure:4823: result: yes
configure:4832: checking for stdbool.h that conforms to C99
configure:4948: gcc -c -g -O2  conftest.c >&5
configure:4948: $? = 0
configure:4956: result: yes
configure:4965: checking for size_t
configure:4965: gcc -c -g -O2  conftest.c >&5
configure:4965: $? = 0
configure:4965: gcc -c -g -O2  conftest.c >&5
conftest.c: In function 'main':
conftest.c:54:21: error: expected expression before ')' token
   54 | if (sizeof ((size_t)))
      |                     ^
configure:4965: $? = 1
configure: failed program was:
| /* confdefs.h */
| #define PACKAGE_NAME "mfoc"
| #define PACKAGE_TARNAME "mfoc"
| #define PACKAGE_VERSION "0.10.7"
| #define PACKAGE_STRING "mfoc 0.10.7"
| #define PACKAGE_BUGREPORT "mifare@nethemba.com"
| #define PACKAGE_URL ""
| #define PACKAGE "mfoc"
| #define VERSION "0.10.7"
| #define HAVE_STDIO_H 1
| #define HAVE_STDLIB_H 1
| #define HAVE_STRING_H 1
| #define HAVE_INTTYPES_H 1
| #define HAVE_STDINT_H 1
| #define HAVE_STRINGS_H 1
| #define HAVE_SYS_STAT_H 1
| #define HAVE_SYS_TYPES_H 1
| #define HAVE_UNISTD_H 1
| #define STDC_HEADERS 1
| #define HAVE__BOOL 1
| #define HAVE_STDBOOL_H 1
| /* end confdefs.h.  */
| #include <stddef.h>
| #ifdef HAVE_STDIO_H
| # include <stdio.h>
| #endif
| #ifdef HAVE_STDLIB_H
| # include <stdlib.h>
| #endif
| #ifdef HAVE_STRING_H
| # include <string.h>
| #endif
| #ifdef HAVE_INTTYPES_H
| # include <inttypes.h>
| #endif
| #ifdef HAVE_STDINT_H
| # include <stdint.h>
| #endif
| #ifdef HAVE_STRINGS_H
| # include <strings.h>
| #endif
| #ifdef HAVE_SYS_TYPES_H
| # include <sys/types.h>
| #endif
| #ifdef HAVE_SYS_STAT_H
| # include <sys/stat.h>
| #endif
| #ifdef HAVE_UNISTD_H
| # include <unistd.h>
| #endif
| int
| main (void)
| {
| if (sizeof ((size_t)))
| 	    return 0;
|   ;
|   return 0;
| }
configure:4965: result: yes
configure:4975: checking for uint8_t
configure:4975: gcc -c -g -O2  conftest.c >&5
configure:4975: $? = 0
configure:4975: result: yes
configure:4987: checking for uint16_t
configure:4987: gcc -c -g -O2  conftest.c >&5
configure:4987: $? = 0
configure:4987: result: yes
configure:4997: checking for uint32_t
configure:4997: gcc -c -g -O2  conftest.c >&5
configure:4997: $? = 0
configure:4997: result: yes
configure:5009: checking for uint64_t
configure:5009: gcc -c -g -O2  conftest.c >&5
configure:5009: $? = 0
configure:5009: result: yes
configure:5029: checking build system type
configure:5044: result: x86_64-pc-linux-gnu
configure:5064: checking host system type
configure:5078: result: x86_64-pc-linux-gnu
configure:5098: checking for GNU libc compatible malloc
configure:5130: gcc -o conftest -g -O2   conftest.c  >&5
configure:5130: $? = 0
configure:5130: ./conftest
configure:5130: $? = 0
configure:5141: result: yes
configure:5163: checking for GNU libc compatible realloc
configure:5195: gcc -o conftest -g -O2   conftest.c  >&5
configure:5195: $? = 0
configure:5195: ./conftest
configure:5195: $? = 0
configure:5206: result: yes
configure:5228: checking for memset
configure:5228: gcc -o conftest -g -O2   conftest.c  >&5
conftest.c:41:6: warning: conflicting types for built-in function 'memset'; expected 'void *(void *, int,  long unsigned int)' [-Wbuiltin-declaration-mismatch]
   41 | char memset ();
      |      ^~~~~~
conftest.c:33:1: note: 'memset' is declared in header '<string.h>'
   32 | #include <limits.h>
   33 | #undef memset
configure:5228: $? = 0
configure:5228: result: yes
configure:5342: checking that generated files are newer than configure
configure:5348: result: done
configure:5371: creating ./config.status

## ---------------------- ##
## Running config.status. ##
## ---------------------- ##

This file was extended by mfoc config.status 0.10.7, which was
generated by GNU Autoconf 2.71.  Invocation command line was

  CONFIG_FILES    = 
  CONFIG_HEADERS  = 
  CONFIG_LINKS    = 
  CONFIG_COMMANDS = 
  $ ./config.status 

on DESKTOP-LHA3QTB

config.status:866: creating Makefile
config.status:866: creating src/Makefile
config.status:866: creating config.h
config.status:1095: executing depfiles commands
config.status:1172: cd src       && sed -e '/# am--include-marker/d' Makefile         | make -f - am--depfiles
config.status:1177: $? = 0

## ---------------- ##
## Cache variables. ##
## ---------------- ##

ac_cv_build=x86_64-pc-linux-gnu
ac_cv_c_compiler_gnu=yes
ac_cv_c_inline=inline
ac_cv_c_uint16_t=yes
ac_cv_c_uint32_t=yes
ac_cv_c_uint64_t=yes
ac_cv_c_uint8_t=yes
ac_cv_env_CC_set=
ac_cv_env_CC_value=
ac_cv_env_CFLAGS_set=
ac_cv_env_CFLAGS_value=
ac_cv_env_CPPFLAGS_set=
ac_cv_env_CPPFLAGS_value=
ac_cv_env_LDFLAGS_set=
ac_cv_env_LDFLAGS_value=
ac_cv_env_LIBS_set=
ac_cv_env_LIBS_value=
ac_cv_env_PKG_CONFIG_LIBDIR_set=
ac_cv_env_PKG_CONFIG_LIBDIR_value=
ac_cv_env_PKG_CONFIG_PATH_set=
ac_cv_env_PKG_CONFIG_PATH_value=
ac_cv_env_PKG_CONFIG_set=
ac_cv_env_PKG_CONFIG_value=
ac_cv_env_build_alias_set=
ac_cv_env_build_alias_value=
ac_cv_env_host_alias_set=
ac_cv_env_host_alias_value=
ac_cv_env_libnfc_CFLAGS_set=
ac_cv_env_libnfc_CFLAGS_value=
ac_cv_env_libnfc_LIBS_set=
ac_cv_env_libnfc_LIBS_value=
ac_cv_env_target_alias_set=
ac_cv_env_target_alias_value=
ac_cv_func_malloc_0_nonnull=yes
ac_cv_func_memset=yes
ac_cv_func_realloc_0_nonnull=yes
ac_cv_header_inttypes_h=yes
ac_cv_header_stdbool_h=yes
ac_cv_header_stdint_h=yes
ac_cv_header_stdio_h=yes
ac_cv_header_stdlib_h=yes
ac_cv_header_string_h=yes
ac_cv_header_strings_h=yes
ac_cv_header_sys_stat_h=yes
ac_cv_header_sys_types_h=yes
ac_cv_header_unistd_h=yes
ac_cv_host=x86_64-pc-linux-gnu
ac_cv_objext=o
ac_cv_path_ac_pt_PKG_CONFIG=/usr/bin/pkg-config
ac_cv_path_install='/usr/bin/install -c'
ac_cv_path_mkdir=/usr/bin/mkdir
ac_cv_prog_AWK=gawk
ac_cv_prog_ac_ct_CC=gcc
ac_cv_prog_cc_c11=
ac_cv_prog_cc_g=yes
ac_cv_prog_cc_stdc=
ac_cv_prog_make_make_set=yes
ac_cv_type__Bool=yes
ac_cv_type_size_t=yes
am_cv_CC_dependencies_compiler_type=gcc3
am_cv_make_support_nested_variables=yes
am_cv_prog_cc_c_o=yes
pkg_cv_libnfc_CFLAGS=-I/usr/local/include
pkg_cv_libnfc_LIBS='-L/usr/local/lib -lnfc -lusb'

## ----------------- ##
## Output variables. ##
## ----------------- ##

ACLOCAL='${SHELL} '\''/home/gioele/mfoc-master/missing'\'' aclocal-1.16'
AMDEPBACKSLASH='\'
AMDEP_FALSE='#'
AMDEP_TRUE=''
AMTAR='$${TAR-tar}'
AM_BACKSLASH='\'
AM_DEFAULT_V='$(AM_DEFAULT_VERBOSITY)'
AM_DEFAULT_VERBOSITY='0'
AM_V='$(V)'
AUTOCONF='${SHELL} '\''/home/gioele/mfoc-master/missing'\'' autoconf'
AUTOHEADER='${SHELL} '\''/home/gioele/mfoc-master/missing'\'' autoheader'
AUTOMAKE='${SHELL} '\''/home/gioele/mfoc-master/missing'\'' automake-1.16'
AWK='gawk'
CC='gcc'
CCDEPMODE='depmode=gcc3'
CFLAGS='-g -O2 -std=c99'
CPPFLAGS=''
CSCOPE='cscope'
CTAGS='ctags'
CYGPATH_W='echo'
DEFS='-DHAVE_CONFIG_H'
DEPDIR='.deps'
ECHO_C=''
ECHO_N='-n'
ECHO_T=''
ETAGS='etags'
EXEEXT=''
INSTALL_DATA='${INSTALL} -m 644'
INSTALL_PROGRAM='${INSTALL}'
INSTALL_SCRIPT='${INSTALL}'
INSTALL_STRIP_PROGRAM='$(install_sh) -c -s'
LDFLAGS=''
LIBOBJS=''
LIBS=''
LTLIBOBJS=''
MAKEINFO='${SHELL} '\''/home/gioele/mfoc-master/missing'\'' makeinfo'
MKDIR_P='/usr/bin/mkdir -p'
OBJEXT='o'
PACKAGE='mfoc'
PACKAGE_BUGREPORT='mifare@nethemba.com'
PACKAGE_NAME='mfoc'
PACKAGE_STRING='mfoc 0.10.7'
PACKAGE_TARNAME='mfoc'
PACKAGE_URL=''
PACKAGE_VERSION='0.10.7'
PATH_SEPARATOR=':'
PKG_CONFIG='/usr/bin/pkg-config'
PKG_CONFIG_LIBDIR=''
PKG_CONFIG_PATH=''
PKG_CONFIG_REQUIRES='libnfc'
SET_MAKE=''
SHELL='/bin/bash'
STRIP=''
VERSION='0.10.7'
ac_ct_CC='gcc'
am__EXEEXT_FALSE=''
am__EXEEXT_TRUE='#'
am__fastdepCC_FALSE='#'
am__fastdepCC_TRUE=''
am__include='include'
am__isrc=''
am__leading_dot='.'
am__nodep='_no'
am__quote=''
am__tar='$${TAR-tar} chof - "$$tardir"'
am__untar='$${TAR-tar} xf -'
bindir='${exec_prefix}/bin'
build='x86_64-pc-linux-gnu'
build_alias=''
build_cpu='x86_64'
build_os='linux-gnu'
build_vendor='pc'
datadir='${datarootdir}'
datarootdir='${prefix}/share'
docdir='${datarootdir}/doc/${PACKAGE_TARNAME}'
dvidir='${docdir}'
exec_prefix='${prefix}'
host='x86_64-pc-linux-gnu'
host_alias=''
host_cpu='x86_64'
host_os='linux-gnu'
host_vendor='pc'
htmldir='${docdir}'
includedir='${prefix}/include'
infodir='${datarootdir}/info'
install_sh='${SHELL} /home/gioele/mfoc-master/install-sh'
libdir='${exec_prefix}/lib'
libexecdir='${exec_prefix}/libexec'
libnfc_CFLAGS='-I/usr/local/include'
libnfc_LIBS='-L/usr/local/lib -lnfc -lusb'
localedir='${datarootdir}/locale'
localstatedir='${prefix}/var'
mandir='${datarootdir}/man'
mkdir_p='$(MKDIR_P)'
oldincludedir='/usr/include'
pdfdir='${docdir}'
prefix='/usr/local'
program_transform_name='s,x,x,'
psdir='${docdir}'
runstatedir='${localstatedir}/run'
sbindir='${exec_prefix}/sbin'
sharedstatedir='${prefix}/com'
sysconfdir='${prefix}/etc'
target_alias=''

## ----------- ##
## confdefs.h. ##
## ----------- ##

/* confdefs.h */
#define PACKAGE_NAME "mfoc"
#define PACKAGE_TARNAME "mfoc"
#define PACKAGE_VERSION "0.10.7"
#define PACKAGE_STRING "mfoc 0.10.7"
#define PACKAGE_BUGREPORT "mifare@nethemba.com"
#define PACKAGE_URL ""
#define PACKAGE "mfoc"
#define VERSION "0.10.7"
#define HAVE_STDIO_H 1
#define HAVE_STDLIB_H 1
#define HAVE_STRING_H 1
#define HAVE_INTTYPES_H 1
#define HAVE_STDINT_H 1
#define HAVE_STRINGS_H 1
#define HAVE_SYS_STAT_H 1
#define HAVE_SYS_TYPES_H 1
#define HAVE_UNISTD_H 1
#define STDC_HEADERS 1
#define HAVE__BOOL 1
#define HAVE_STDBOOL_H 1
#define HAVE_MALLOC 1
#define HAVE_REALLOC 1
#define HAVE_MEMSET 1

configure: exit 0
